<?xml version="1.0" encoding="utf-8"?><testsuites name="pytest tests"><testsuite name="pytest" errors="0" failures="0" skipped="0" tests="778" time="11.809" timestamp="2026-06-07T22:41:59.744557+02:00" hostname="askrabec-mac"><testcase classname="tests.controllers.test_file_search" name="test_stop_search" time="0.033" /><testcase classname="tests.controllers.test_file_search" name="test_filter_results" time="0.015" /><testcase classname="tests.controllers.test_file_search" name="test_xml_search_only_xml_files" time="0.004" /><testcase classname="tests.controllers.test_language_controller.TestLanguageController" name="test_get_supported_languages" time="0.094" /><testcase classname="tests.controllers.test_language_controller.TestLanguageController" name="test_populate_languages_combobox" time="0.003" /><testcase classname="tests.controllers.test_metadata_controller" name="test_metadata_controller_creation" time="0.015" /><testcase classname="tests.controllers.test_metadata_controller" name="test_metadata_controller_refresh" time="0.029" /><testcase classname="tests.controllers.test_metadata_controller" name="test_metadata_controller_get_metadata_with_path" time="0.025" /><testcase classname="tests.controllers.test_metadata_controller" name="test_metadata_controller_delete_mod" time="0.024" /><testcase classname="tests.controllers.test_metadata_controller_compile" name="test_compile_forward_and_reverse_deps_from_load_after" time="0.001" /><testcase classname="tests.controllers.test_metadata_controller_compile" name="test_compile_forward_and_reverse_deps_from_load_before" time="0.001" /><testcase classname="tests.controllers.test_metadata_controller_compile" name="test_compile_tier_classification" time="0.001" /><testcase classname="tests.controllers.test_metadata_controller_compile" name="test_compile_does_not_mutate_known_tier_constants" time="0.001" /><testcase classname="tests.controllers.test_metadata_controller_compile" name="test_compile_incompatibility_only_includes_existing_mods" time="0.001" /><testcase classname="tests.controllers.test_metadata_controller_compile" name="test_compile_empty_mods" time="0.001" /><testcase classname="tests.controllers.test_metadata_controller_compile" name="test_compile_nonexistent_deps_not_in_graph" time="0.001" /><testcase classname="tests.controllers.test_metadata_controller_compile" name="test_compile_skips_non_aboutxmlmod" time="0.001" /><testcase classname="tests.controllers.test_metadata_controller_compile" name="test_compile_tier_zero_contains_known_mods" time="0.001" /><testcase classname="tests.controllers.test_metadata_controller_compile" name="test_compile_tier_zero_not_in_tier_one" time="0.001" /><testcase classname="tests.controllers.test_metadata_controller_compile" name="test_compile_bidirectional_chain" time="0.001" /><testcase classname="tests.controllers.test_metadata_controller_compile" name="test_compile_deps_as_load_order_on" time="0.001" /><testcase classname="tests.controllers.test_metadata_controller_compile" name="test_compile_deps_as_load_order_off" time="0.001" /><testcase classname="tests.controllers.test_metadata_controller_compile" name="test_compile_explicit_wins_over_conflicting_inferred" time="0.001" /><testcase classname="tests.controllers.test_metadata_controller_compile" name="test_compile_non_conflicting_inferred_kept" time="0.001" /><testcase classname="tests.controllers.test_metadata_controller_compile" name="test_compile_overall_rules_not_mutated" time="0.001" /><testcase classname="tests.controllers.test_metadata_controller_compile" name="test_compile_load_before_and_load_after_same_pair" time="0.001" /><testcase classname="tests.controllers.test_metadata_controller_compile" name="test_compile_load_first_and_load_last_same_mod" time="0.001" /><testcase classname="tests.controllers.test_metadata_controller_compile" name="test_compile_many_mods_all_depend_on_one" time="0.002" /><testcase classname="tests.controllers.test_metadata_controller_compile" name="test_compile_self_referencing_load_after" time="0.001" /><testcase classname="tests.controllers.test_metadata_controller_compile" name="test_compile_alternative_package_id_used_when_primary_absent" time="0.001" /><testcase classname="tests.controllers.test_metadata_controller_compile" name="test_compile_alternative_package_id_not_used_when_disabled" time="0.001" /><testcase classname="tests.controllers.test_metadata_controller_compile" name="test_compile_primary_preferred_over_alternative" time="0.001" /><testcase classname="tests.controllers.test_metadata_controller_compile" name="test_compile_inferred_edges_skip_tier_one_source" time="0.001" /><testcase classname="tests.controllers.test_metadata_controller_compile" name="test_compile_inferred_edges_skip_tier_one_target" time="0.001" /><testcase classname="tests.controllers.test_metadata_controller_compile" name="test_compile_inferred_edges_allow_tier_zero_target" time="0.001" /><testcase classname="tests.controllers.test_metadata_db_controller" name="test_get_or_create" time="0.007" /><testcase classname="tests.controllers.test_metadata_db_controller" name="test_get" time="0.005" /><testcase classname="tests.controllers.test_metadata_db_controller" name="test_get_value_equals" time="0.008" /><testcase classname="tests.controllers.test_metadata_db_controller" name="test_tags" time="0.012" /><testcase classname="tests.controllers.test_metadata_db_controller" name="test_aux_metadata_webapi_timestamp_fields" time="0.006" /><testcase classname="tests.controllers.test_metadata_parity" name="test_mods_are_parsed" time="0.006" /><testcase classname="tests.controllers.test_metadata_parity" name="test_compile_produces_valid_graph" time="0.006" /><testcase classname="tests.controllers.test_metadata_parity" name="test_compile_reverse_graph_is_inverse_of_forward_graph" time="0.005" /><testcase classname="tests.controllers.test_metadata_parity" name="test_compile_tier_zero_contains_core" time="0.005" /><testcase classname="tests.controllers.test_metadata_parity" name="test_compile_cores_force_load_before_creates_dependency_edges" time="0.005" /><testcase classname="tests.controllers.test_metadata_parity" name="test_game_version_is_parsed" time="0.006" /><testcase classname="tests.controllers.test_todds_controller.TestGenerateToddsTxt" name="test_all_mods_mode_writes_existing_dirs" time="0.002" /><testcase classname="tests.controllers.test_todds_controller.TestGenerateToddsTxt" name="test_all_mods_mode_skips_missing_dirs" time="0.002" /><testcase classname="tests.controllers.test_todds_controller.TestGenerateToddsTxt" name="test_active_mods_mode_writes_mod_paths" time="0.002" /><testcase classname="tests.controllers.test_todds_controller.TestGenerateToddsTxt" name="test_active_mods_mode_skips_divider_uuids" time="0.002" /><testcase classname="tests.controllers.test_todds_controller.TestActiveModUuidsGuard" name="test_generate_todds_txt_returns_zero_when_uuids_missing" time="0.001" /><testcase classname="tests.controllers.test_troubleshooting.TestGameFilesRecovery" name="test_preserves_local_mods" time="0.040" /><testcase classname="tests.controllers.test_troubleshooting.TestSteamModsRecovery" name="test_deletes_steam_mods" time="0.007" /><testcase classname="tests.controllers.test_troubleshooting.TestConfigRecovery" name="test_mod_config_deletion_preserves_core_files" time="0.006" /><testcase classname="tests.controllers.test_troubleshooting.TestConfigRecovery" name="test_game_config_deletion" time="0.006" /><testcase classname="tests.controllers.test_troubleshooting.TestUIInteractions" name="test_cancel_button_clears_checkboxes" time="0.006" /><testcase classname="tests.controllers.test_troubleshooting.TestUIInteractions" name="test_clear_mods_functionality" time="0.007" /><testcase classname="tests.controllers.test_troubleshooting.TestUIInteractions" name="test_apply_button_executes_selected_operations" time="0.007" /><testcase classname="tests.controllers.test_troubleshooting.TestUIInteractions" name="test_apply_button_cancelled" time="0.006" /><testcase classname="tests.controllers.test_troubleshooting.TestSteamUtilities" name="test_steam_clear_cache" time="0.007" /><testcase classname="tests.controllers.test_troubleshooting.TestSteamUtilities" name="test_steam_repair_library_button" time="0.007" /><testcase classname="tests.controllers.test_troubleshooting.TestSteamUtilities" name="test_steam_cleanup_orphaned_workshop_no_steam_location" time="0.006" /><testcase classname="tests.controllers.test_troubleshooting.TestSteamUtilities" name="test_steam_cleanup_orphaned_workshop_with_orphans" time="0.007" /><testcase classname="tests.controllers.test_troubleshooting.TestSteamUtilities" name="test_steam_cleanup_orphaned_workshop_user_cancels" time="0.006" /><testcase classname="tests.controllers.test_troubleshooting.TestEdgeCases" name="test_missing_directories" time="0.008" /><testcase classname="tests.controllers.test_troubleshooting.TestModListImportExport" name="test_mod_export_list_button" time="0.007" /><testcase classname="tests.controllers.test_troubleshooting.TestModListImportExport" name="test_mod_import_list_button" time="0.007" /><testcase classname="tests.models.metadata.test_byversion_precedence" name="test_byversion_off_uses_only_base" time="0.001" /><testcase classname="tests.models.metadata.test_byversion_precedence" name="test_byversion_off_ignores_dependencies" time="0.001" /><testcase classname="tests.models.metadata.test_byversion_precedence" name="test_byversion_off_ignores_incompatible" time="0.001" /><testcase classname="tests.models.metadata.test_byversion_precedence" name="test_byversion_on_suppresses_base_when_version_matches" time="0.001" /><testcase classname="tests.models.metadata.test_byversion_precedence" name="test_byversion_on_suppresses_base_load_before" time="0.001" /><testcase classname="tests.models.metadata.test_byversion_precedence" name="test_byversion_on_suppresses_base_incompatible" time="0.001" /><testcase classname="tests.models.metadata.test_byversion_precedence" name="test_byversion_on_suppresses_base_dependencies" time="0.001" /><testcase classname="tests.models.metadata.test_byversion_precedence" name="test_byversion_on_empty_version_suppresses_base" time="0.001" /><testcase classname="tests.models.metadata.test_byversion_precedence" name="test_byversion_on_empty_dependencies_suppresses_base" time="0.001" /><testcase classname="tests.models.metadata.test_byversion_precedence" name="test_byversion_on_empty_incompatible_suppresses_base" time="0.001" /><testcase classname="tests.models.metadata.test_byversion_precedence" name="test_byversion_on_no_matching_version_falls_back_to_base" time="0.001" /><testcase classname="tests.models.metadata.test_byversion_precedence" name="test_byversion_on_no_matching_dependencies_falls_back" time="0.001" /><testcase classname="tests.models.metadata.test_byversion_precedence" name="test_byversion_force_load_always_applied" time="0.001" /><testcase classname="tests.models.metadata.test_byversion_precedence" name="test_byversion_force_load_before_always_applied" time="0.001" /><testcase classname="tests.models.metadata.test_byversion_precedence" name="test_default_prefer_versioned_is_true" time="0.001" /><testcase classname="tests.models.metadata.test_byversion_precedence" name="test_byversion_multi_version_keys_only_matching" time="0.001" /><testcase classname="tests.models.metadata.test_byversion_precedence" name="test_missing_packageid_gets_sentinel" time="0.001" /><testcase classname="tests.models.metadata.test_byversion_precedence" name="test_empty_packageid_gets_sentinel" time="0.001" /><testcase classname="tests.models.metadata.test_byversion_precedence" name="test_non_string_packageid_gets_sentinel" time="0.001" /><testcase classname="tests.models.metadata.test_metadata_factory" name="test_value_extractor_string" time="0.001" /><testcase classname="tests.models.metadata.test_metadata_factory" name="test_value_extractor_list" time="0.001" /><testcase classname="tests.models.metadata.test_metadata_factory" name="test_value_extractor_dict_li" time="0.001" /><testcase classname="tests.models.metadata.test_metadata_factory" name="test_value_extractor_dict_single_key" time="0.001" /><testcase classname="tests.models.metadata.test_metadata_factory" name="test_value_extractor_dict_string_value" time="0.001" /><testcase classname="tests.models.metadata.test_metadata_factory" name="test_value_extractor_dict_multiple_keys" time="0.001" /><testcase classname="tests.models.metadata.test_metadata_factory" name="test_value_extractor_dict_li_one_value_list" time="0.001" /><testcase classname="tests.models.metadata.test_metadata_factory" name="test_value_extractor_dict_li_one_value" time="0.001" /><testcase classname="tests.models.metadata.test_metadata_factory" name="test_value_extractor_ignore_if_no_matching_field" time="0.001" /><testcase classname="tests.models.metadata.test_metadata_factory" name="test__parse_required_ludeon_core" time="0.001" /><testcase classname="tests.models.metadata.test_metadata_factory" name="test__parse_required_ludeon_royalty" time="0.001" /><testcase classname="tests.models.metadata.test_metadata_factory" name="test__parse_required_ludeon_biotech" time="0.001" /><testcase classname="tests.models.metadata.test_metadata_factory" name="test__parse_required_future_dlc" time="0.001" /><testcase classname="tests.models.metadata.test_metadata_factory" name="test__parse_required_local_fishery" time="0.001" /><testcase classname="tests.models.metadata.test_metadata_factory" name="test__parse_steam_mod_1" time="0.001" /><testcase classname="tests.models.metadata.test_metadata_factory" name="test_match_version_found" time="0.001" /><testcase classname="tests.models.metadata.test_metadata_factory" name="test_match_version_not_found" time="0.001" /><testcase classname="tests.models.metadata.test_metadata_factory" name="test_match_version_multiple_results" time="0.001" /><testcase classname="tests.models.metadata.test_metadata_factory" name="test_match_version_multiple_results_stop_at_first" time="0.001" /><testcase classname="tests.models.metadata.test_metadata_factory" name="test_create_mod_dependency" time="0.001" /><testcase classname="tests.models.metadata.test_metadata_factory" name="test_create_mod_dependency_missing_fields" time="0.001" /><testcase classname="tests.models.metadata.test_metadata_factory" name="test_create_base_rules_ludeon_core" time="0.001" /><testcase classname="tests.models.metadata.test_metadata_factory" name="test_get_rules_db_large_db" time="0.849" /><testcase classname="tests.models.metadata.test_metadata_factory" name="test_get_rules_db_values" time="0.002" /><testcase classname="tests.models.metadata.test_metadata_factory" name="test_write_rules_db" time="0.002" /><testcase classname="tests.models.metadata.test_metadata_factory" name="test_read_steam_db" time="0.002" /><testcase classname="tests.models.metadata.test_metadata_factory" name="test_read_steam_db_large" time="1.697" /><testcase classname="tests.models.metadata.test_metadata_factory" name="test_write_steam_db" time="0.002" /><testcase classname="tests.models.metadata.test_metadata_factory" name="test_read_write_steam_db" time="0.002" /><testcase classname="tests.models.metadata.test_metadata_factory" name="test_create_scenario_mod_from_rsc_invalid_meta" time="0.001" /><testcase classname="tests.models.metadata.test_metadata_factory" name="test_create_scenario_mod_from_rsc_invalid_scenario" time="0.001" /><testcase classname="tests.models.metadata.test_metadata_factory" name="test_create_scenario_mod_from_rsc_valid" time="0.001" /><testcase classname="tests.models.metadata.test_metadata_factory" name="test_create_listed_mod_from_path_invalid_folder" time="0.001" /><testcase classname="tests.models.metadata.test_metadata_factory" name="test_create_listed_mod_from_path_local_mod_1" time="0.002" /><testcase classname="tests.models.metadata.test_metadata_factory" name="test_create_listed_mod_from_path_local_mod_2" time="0.002" /><testcase classname="tests.models.metadata.test_metadata_factory" name="test_create_listed_mod_from_path_steamcmd_mod_1" time="0.002" /><testcase classname="tests.models.metadata.test_metadata_factory" name="test_create_listed_mod_from_path_fishery" time="0.006" /><testcase classname="tests.models.metadata.test_metadata_factory" name="test_read_mod_config_valid_1" time="0.002" /><testcase classname="tests.models.metadata.test_metadata_factory" name="test_read_write_mod_config_valid_1" time="0.004" /><testcase classname="tests.models.metadata.test_metadata_factory" name="test_read_mod_config_invalid_1" time="0.001" /><testcase classname="tests.models.metadata.test_metadata_factory" name="test_read_mod_config_invalid_2" time="0.002" /><testcase classname="tests.models.metadata.test_metadata_factory" name="test_read_mod_config_invalid_3" time="0.001" /><testcase classname="tests.models.metadata.test_metadata_mediator" name="test_initial_state" time="0.001" /><testcase classname="tests.models.metadata.test_metadata_mediator" name="test_refresh_metadata" time="0.014" /><testcase classname="tests.models.metadata.test_metadata_mediator" name="test_user_rules_addition" time="0.006" /><testcase classname="tests.models.metadata.test_metadata_mediator" name="test_mediator_no_version_warning_defaults_none" time="0.001" /><testcase classname="tests.models.metadata.test_metadata_mediator" name="test_mediator_use_this_instead_defaults_none" time="0.001" /><testcase classname="tests.models.metadata.test_metadata_mediator" name="test_mediator_loads_no_version_warning" time="0.002" /><testcase classname="tests.models.metadata.test_metadata_mediator" name="test_mediator_loads_use_this_instead" time="0.001" /><testcase classname="tests.models.metadata.test_metadata_structure" name="test_case_insensitive" time="0.001" /><testcase classname="tests.models.metadata.test_metadata_structure" name="test_case_insensitive_equality[TestPackage-testpackage]" time="0.001" /><testcase classname="tests.models.metadata.test_metadata_structure" name="test_case_insensitive_equality[testpackage-TestPackage]" time="0.001" /><testcase classname="tests.models.metadata.test_metadata_structure" name="test_case_insensitive_equality[\u6e2c\u8a66\u5305-\u6e2c\u8a66\u5305]" time="0.001" /><testcase classname="tests.models.metadata.test_metadata_structure" name="test_case_insensitive_equality[TEST.\u6e2c\u8a66\u5305-test.\u6e2c\u8a66\u5305]" time="0.001" /><testcase classname="tests.models.metadata.test_metadata_structure" name="test_case_insensitive_equality[testpackage-testpackage]" time="0.001" /><testcase classname="tests.models.metadata.test_metadata_structure" name="test_case_insensitive_str[TestPackage-testpackage]" time="0.001" /><testcase classname="tests.models.metadata.test_metadata_structure" name="test_case_insensitive_str[TESTPACKAGE-testpackage]" time="0.001" /><testcase classname="tests.models.metadata.test_metadata_structure" name="test_case_insensitive_str[\u6e2c\u8a66\u5305-\u6e2c\u8a66\u5305]" time="0.001" /><testcase classname="tests.models.metadata.test_metadata_structure" name="test_case_insensitive_str[TEST.\u6e2c\u8a66\u5305-test.\u6e2c\u8a66\u5305]" time="0.001" /><testcase classname="tests.models.metadata.test_metadata_structure" name="test_case_insensitive_set_contains" time="0.001" /><testcase classname="tests.models.metadata.test_metadata_structure" name="test_case_insensitive_set_add" time="0.001" /><testcase classname="tests.models.metadata.test_metadata_structure" name="test_case_insensitive_set_discard" time="0.001" /><testcase classname="tests.models.metadata.test_metadata_structure" name="test_case_insensitive_set_len" time="0.001" /><testcase classname="tests.models.metadata.test_metadata_structure" name="test_case_insensitive_set_iter" time="0.001" /><testcase classname="tests.models.metadata.test_metadata_structure" name="test_case_insensitive_set_and" time="0.001" /><testcase classname="tests.models.metadata.test_metadata_structure" name="test_case_insensitive_set_parametrize" time="0.001" /><testcase classname="tests.models.metadata.test_metadata_structure" name="test_case_insensitive_set_union" time="0.001" /><testcase classname="tests.models.metadata.test_metadata_structure" name="test_listed_mod_mod_path" time="0.001" /><testcase classname="tests.models.metadata.test_metadata_structure" name="test_listed_mod_mod_folder" time="0.001" /><testcase classname="tests.models.metadata.test_metadata_structure" name="test_listed_mod_internal_time_touched" time="0.001" /><testcase classname="tests.models.metadata.test_metadata_structure" name="test_listed_mod_mod_type" time="0.001" /><testcase classname="tests.models.metadata.test_metadata_structure" name="test_listed_mod_uuid" time="0.001" /><testcase classname="tests.models.metadata.test_metadata_structure" name="test_about_xml_mod_overall_rules" time="0.001" /><testcase classname="tests.models.metadata.test_metadata_structure" name="test_listed_mod_c_sharp_mod_default" time="0.001" /><testcase classname="tests.models.metadata.test_metadata_structure" name="test_compiled_dependency_data_defaults" time="0.001" /><testcase classname="tests.models.metadata.test_metadata_structure" name="test_listed_mod_new_fields" time="0.001" /><testcase classname="tests.models.test_run_args_migration.TestMigrateRunArgsValue" name="test_empty_list" time="0.001" /><testcase classname="tests.models.test_run_args_migration.TestMigrateRunArgsValue" name="test_string_passthrough" time="0.001" /><testcase classname="tests.models.test_run_args_migration.TestMigrateRunArgsValue" name="test_empty_string_passthrough" time="0.001" /><testcase classname="tests.models.test_run_args_migration.TestMigrateRunArgsValue" name="test_multi_element_list_joined" time="0.001" /><testcase classname="tests.models.test_run_args_migration.TestMigrateRunArgsValue" name="test_comma_separated_single_element" time="0.001" /><testcase classname="tests.models.test_run_args_migration.TestMigrateRunArgsValue" name="test_already_correct_single_element" time="0.001" /><testcase classname="tests.models.test_run_args_migration.TestMigrateRunArgsValue" name="test_command_placeholder_preserved" time="0.001" /><testcase classname="tests.models.test_run_args_migration.TestMigrateRunArgsValue" name="test_none_returns_empty" time="0.001" /><testcase classname="tests.models.test_run_args_migration.TestMigrateRunArgsValue" name="test_non_list_non_str_returns_empty" time="0.001" /><testcase classname="tests.models.test_settings_defaults.TestSettingsURLDefaults" name="test_new_install_defaults_to_configured_url" time="0.003" /><testcase classname="tests.models.test_settings_defaults.TestSettingsURLDefaults" name="test_url_fields_have_github_archive_defaults" time="0.002" /><testcase classname="tests.models.test_settings_defaults.TestSettingsURLDefaults" name="test_git_repo_fields_still_exist" time="0.002" /><testcase classname="tests.sort.test_alphabetical_sort.TestDoAlphabeticalSort" name="test_single_mod" time="0.001" /><testcase classname="tests.sort.test_alphabetical_sort.TestDoAlphabeticalSort" name="test_alphabetical_no_dependencies" time="0.001" /><testcase classname="tests.sort.test_alphabetical_sort.TestDoAlphabeticalSort" name="test_dependency_placed_before_dependent" time="0.001" /><testcase classname="tests.sort.test_alphabetical_sort.TestDoAlphabeticalSort" name="test_transitive_deps_placed_before" time="0.001" /><testcase classname="tests.sort.test_alphabetical_sort.TestDoAlphabeticalSort" name="test_graph_entries_not_in_active_excluded" time="0.001" /><testcase classname="tests.sort.test_alphabetical_sort.TestDoAlphabeticalSort" name="test_empty_graph" time="0.001" /><testcase classname="tests.sort.test_alphabetical_sort.TestDoAlphabeticalSort" name="test_diamond_dependency" time="0.001" /><testcase classname="tests.sort.test_alphabetical_sort.TestDoAlphabeticalSort" name="test_case_insensitive_sort" time="0.001" /><testcase classname="tests.sort.test_alphabetical_sort.TestDoAlphabeticalSort" name="test_non_string_name_handled" time="0.001" /><testcase classname="tests.sort.test_dependencies.TestGetDependenciesRecursive" name="test_no_dependencies" time="0.001" /><testcase classname="tests.sort.test_dependencies.TestGetDependenciesRecursive" name="test_direct_dependencies" time="0.001" /><testcase classname="tests.sort.test_dependencies.TestGetDependenciesRecursive" name="test_transitive_dependencies" time="0.001" /><testcase classname="tests.sort.test_dependencies.TestGetDependenciesRecursive" name="test_diamond_dependency" time="0.001" /><testcase classname="tests.sort.test_dependencies.TestGetDependenciesRecursive" name="test_circular_dependency_terminates" time="0.001" /><testcase classname="tests.sort.test_dependencies.TestGetDependenciesRecursive" name="test_unknown_package_returns_empty" time="0.001" /><testcase classname="tests.sort.test_dependencies.TestGetDependenciesRecursive" name="test_processed_ids_prevents_revisit" time="0.001" /><testcase classname="tests.sort.test_dependencies.TestGetReverseDependenciesRecursive" name="test_no_reverse_deps" time="0.001" /><testcase classname="tests.sort.test_dependencies.TestGetReverseDependenciesRecursive" name="test_direct_reverse_deps" time="0.001" /><testcase classname="tests.sort.test_dependencies.TestGetReverseDependenciesRecursive" name="test_transitive_reverse_deps" time="0.001" /><testcase classname="tests.sort.test_dependencies.TestGetReverseDependenciesRecursive" name="test_unknown_package_returns_empty" time="0.001" /><testcase classname="tests.sort.test_dependencies.TestGetReverseDependenciesRecursive" name="test_circular_reverse_deps_terminates" time="0.001" /><testcase classname="tests.sort.test_dependencies.TestGetReverseDependenciesRecursive" name="test_self_referencing" time="0.001" /><testcase classname="tests.sort.test_dependencies.TestExtractTierSubgraph" name="test_filters_to_tier_mods_only" time="0.001" /><testcase classname="tests.sort.test_dependencies.TestExtractTierSubgraph" name="test_mod_not_in_graph_gets_empty_deps" time="0.001" /><testcase classname="tests.sort.test_dependencies.TestExtractTierSubgraph" name="test_empty_tier_set" time="0.001" /><testcase classname="tests.sort.test_dependencies.TestExtractTierSubgraph" name="test_empty_graph" time="0.001" /><testcase classname="tests.sort.test_mod_sorting.TestUuidNoKey" name="test_returns_uuid_unchanged" time="0.001" /><testcase classname="tests.sort.test_mod_sorting.TestUuidNoKey" name="test_empty_string" time="0.001" /><testcase classname="tests.sort.test_mod_sorting.TestUuidToModName" name="test_cached_metadata_with_name" time="0.001" /><testcase classname="tests.sort.test_mod_sorting.TestUuidToModName" name="test_cached_metadata_missing_uuid" time="0.001" /><testcase classname="tests.sort.test_mod_sorting.TestUuidToModName" name="test_cached_metadata_name_is_none" time="0.001" /><testcase classname="tests.sort.test_mod_sorting.TestUuidToModName" name="test_cached_metadata_name_is_non_string" time="0.001" /><testcase classname="tests.sort.test_mod_sorting.TestUuidToModName" name="test_uncached_path" time="0.001" /><testcase classname="tests.sort.test_mod_sorting.TestUuidToModName" name="test_name_preserves_lowercase" time="0.001" /><testcase classname="tests.sort.test_mod_sorting.TestUuidToModName" name="test_metadata_is_none" time="0.001" /><testcase classname="tests.sort.test_mod_sorting.TestUuidToPackageid" name="test_cached_with_packageid" time="0.001" /><testcase classname="tests.sort.test_mod_sorting.TestUuidToPackageid" name="test_cached_missing_uuid" time="0.001" /><testcase classname="tests.sort.test_mod_sorting.TestUuidToPackageid" name="test_packageid_is_non_string" time="0.001" /><testcase classname="tests.sort.test_mod_sorting.TestUuidToPackageid" name="test_packageid_is_none" time="0.001" /><testcase classname="tests.sort.test_mod_sorting.TestUuidToPackageid" name="test_uncached_path" time="0.001" /><testcase classname="tests.sort.test_mod_sorting.TestUuidToVersion" name="test_cached_with_version" time="0.001" /><testcase classname="tests.sort.test_mod_sorting.TestUuidToVersion" name="test_cached_missing_uuid" time="0.001" /><testcase classname="tests.sort.test_mod_sorting.TestUuidToVersion" name="test_version_is_non_string" time="0.001" /><testcase classname="tests.sort.test_mod_sorting.TestUuidToVersion" name="test_uncached_path" time="0.001" /><testcase classname="tests.sort.test_mod_sorting.TestUuidToModColor" name="test_cached_with_color_hex" time="0.001" /><testcase classname="tests.sort.test_mod_sorting.TestUuidToModColor" name="test_cached_missing_uuid" time="0.001" /><testcase classname="tests.sort.test_mod_sorting.TestUuidToModColor" name="test_color_hex_is_non_string" time="0.001" /><testcase classname="tests.sort.test_mod_sorting.TestUuidToModColor" name="test_uncached_path" time="0.001" /><testcase classname="tests.sort.test_mod_sorting.TestUuidToAuthor" name="test_dict_li_list" time="0.001" /><testcase classname="tests.sort.test_mod_sorting.TestUuidToAuthor" name="test_dict_li_string" time="0.001" /><testcase classname="tests.sort.test_mod_sorting.TestUuidToAuthor" name="test_list_format" time="0.001" /><testcase classname="tests.sort.test_mod_sorting.TestUuidToAuthor" name="test_string_format" time="0.001" /><testcase classname="tests.sort.test_mod_sorting.TestUuidToAuthor" name="test_none_authors" time="0.001" /><testcase classname="tests.sort.test_mod_sorting.TestUuidToAuthor" name="test_missing_authors_key" time="0.001" /><testcase classname="tests.sort.test_mod_sorting.TestUuidToAuthor" name="test_empty_list" time="0.001" /><testcase classname="tests.sort.test_mod_sorting.TestUuidToAuthor" name="test_empty_dict" time="0.001" /><testcase classname="tests.sort.test_mod_sorting.TestUuidToAuthor" name="test_dict_li_empty_list" time="0.001" /><testcase classname="tests.sort.test_mod_sorting.TestUuidToAuthor" name="test_missing_uuid" time="0.001" /><testcase classname="tests.sort.test_mod_sorting.TestUuidToAuthor" name="test_metadata_is_none" time="0.001" /><testcase classname="tests.sort.test_mod_sorting.TestUuidToAuthor" name="test_uncached_path" time="0.001" /><testcase classname="tests.sort.test_mod_sorting.TestUuidToFilesystemModifiedTime" name="test_path_exists" time="0.002" /><testcase classname="tests.sort.test_mod_sorting.TestUuidToFilesystemModifiedTime" name="test_path_does_not_exist" time="0.001" /><testcase classname="tests.sort.test_mod_sorting.TestUuidToFilesystemModifiedTime" name="test_no_metadata" time="0.001" /><testcase classname="tests.sort.test_mod_sorting.TestUuidToFilesystemModifiedTime" name="test_path_is_none" time="0.001" /><testcase classname="tests.sort.test_mod_sorting.TestUuidToFilesystemModifiedTime" name="test_uncached_path" time="0.002" /><testcase classname="tests.sort.test_mod_sorting.TestUuidToFolderSize" name="test_directory_exists" time="0.002" /><testcase classname="tests.sort.test_mod_sorting.TestUuidToFolderSize" name="test_path_not_a_directory" time="0.001" /><testcase classname="tests.sort.test_mod_sorting.TestUuidToFolderSize" name="test_no_metadata" time="0.001" /><testcase classname="tests.sort.test_mod_sorting.TestUuidToFolderSize" name="test_path_is_none" time="0.001" /><testcase classname="tests.sort.test_mod_sorting.TestUuidToFolderSize" name="test_cache_hit_same_mtime" time="0.001" /><testcase classname="tests.sort.test_mod_sorting.TestUuidToFolderSize" name="test_cache_miss_different_mtime" time="0.001" /><testcase classname="tests.sort.test_mod_sorting.TestUuidToFolderSize" name="test_oserror_on_getmtime" time="0.001" /><testcase classname="tests.sort.test_mod_sorting.TestUuidToFolderSize" name="test_metadata_is_none" time="0.001" /><testcase classname="tests.sort.test_mod_sorting.TestGetDirSize" name="test_empty_directory" time="0.002" /><testcase classname="tests.sort.test_mod_sorting.TestGetDirSize" name="test_single_file" time="0.002" /><testcase classname="tests.sort.test_mod_sorting.TestGetDirSize" name="test_multiple_files" time="0.002" /><testcase classname="tests.sort.test_mod_sorting.TestGetDirSize" name="test_nested_directories" time="0.002" /><testcase classname="tests.sort.test_mod_sorting.TestGetDirSize" name="test_deeply_nested" time="0.002" /><testcase classname="tests.sort.test_mod_sorting.TestGetDirSize" name="test_oserror_on_inaccessible_subdir" time="0.002" /><testcase classname="tests.sort.test_mod_sorting.TestUuidToModTags" name="test_no_settings_controller" time="0.001" /><testcase classname="tests.sort.test_mod_sorting.TestUuidToModTags" name="test_normal_tags" time="0.001" /><testcase classname="tests.sort.test_mod_sorting.TestUuidToModTags" name="test_empty_tags" time="0.001" /><testcase classname="tests.sort.test_mod_sorting.TestUuidToModTags" name="test_exception_returns_empty" time="0.001" /><testcase classname="tests.sort.test_mod_sorting.TestUuidToModTags" name="test_single_tag" time="0.001" /><testcase classname="tests.sort.test_mod_sorting.TestGetModMetadata" name="test_uuid_exists" time="0.001" /><testcase classname="tests.sort.test_mod_sorting.TestGetModMetadata" name="test_uuid_missing" time="0.001" /><testcase classname="tests.sort.test_mod_sorting.TestGetCachedMetadataForBatch" name="test_basic_batch_fetch" time="0.001" /><testcase classname="tests.sort.test_mod_sorting.TestGetCachedMetadataForBatch" name="test_missing_uuids_map_to_none" time="0.001" /><testcase classname="tests.sort.test_mod_sorting.TestGetCachedMetadataForBatch" name="test_empty_uuids" time="0.001" /><testcase classname="tests.sort.test_mod_sorting.TestBuildSortKeyMap" name="test_modname_key" time="0.001" /><testcase classname="tests.sort.test_mod_sorting.TestBuildSortKeyMap" name="test_nokey_returns_uuid" time="0.001" /><testcase classname="tests.sort.test_mod_sorting.TestBuildSortKeyMap" name="test_packageid_key" time="0.001" /><testcase classname="tests.sort.test_mod_sorting.TestBuildSortKeyMap" name="test_version_key" time="0.001" /><testcase classname="tests.sort.test_mod_sorting.TestBuildSortKeyMap" name="test_author_key" time="0.001" /><testcase classname="tests.sort.test_mod_sorting.TestBuildSortKeyMap" name="test_mod_color_key" time="0.001" /><testcase classname="tests.sort.test_mod_sorting.TestBuildSortKeyMap" name="test_filesystem_modified_time_key" time="0.001" /><testcase classname="tests.sort.test_mod_sorting.TestBuildSortKeyMap" name="test_folder_size_key" time="0.001" /><testcase classname="tests.sort.test_mod_sorting.TestBuildSortKeyMap" name="test_mod_tags_key" time="0.001" /><testcase classname="tests.sort.test_mod_sorting.TestSortUuids" name="test_sort_by_modname_ascending" time="0.001" /><testcase classname="tests.sort.test_mod_sorting.TestSortUuids" name="test_sort_by_modname_descending" time="0.001" /><testcase classname="tests.sort.test_mod_sorting.TestSortUuids" name="test_descending_none_uses_default_flags" time="0.001" /><testcase classname="tests.sort.test_mod_sorting.TestSortUuids" name="test_sort_preserves_original_list" time="0.001" /><testcase classname="tests.sort.test_mod_sorting.TestSortUuids" name="test_sort_empty_list" time="0.001" /><testcase classname="tests.sort.test_mod_sorting.TestSortUuids" name="test_sort_single_item" time="0.001" /><testcase classname="tests.sort.test_mod_sorting.TestSortUuids" name="test_sort_by_nokey_preserves_relative_order" time="0.001" /><testcase classname="tests.sort.test_mod_sorting.TestModsPanelSortKeyEnum" name="test_all_enum_values_have_default_reverse_flag" time="0.001" /><testcase classname="tests.sort.test_mod_sorting.TestModsPanelSortKeyEnum" name="test_all_defaults_are_false" time="0.001" /><testcase classname="tests.sort.test_sort_controller.TestSorterBasic" name="test_topological_sort_simple" time="0.002" /><testcase classname="tests.sort.test_sort_controller.TestSorterBasic" name="test_alphabetical_sort" time="0.002" /><testcase classname="tests.sort.test_sort_controller.TestSorterBasic" name="test_invalid_sort_method_raises" time="0.002" /><testcase classname="tests.sort.test_sort_controller.TestSorterTierOrdering" name="test_tier_zero_sorted_first" time="0.002" /><testcase classname="tests.sort.test_sort_controller.TestSorterTierOrdering" name="test_tier_one_after_zero_before_two" time="0.002" /><testcase classname="tests.sort.test_sort_controller.TestSorterTierOrdering" name="test_tier_three_sorted_last" time="0.002" /><testcase classname="tests.sort.test_sort_controller.TestSorterTierOrdering" name="test_tier_one_transitive_deps_included" time="0.002" /><testcase classname="tests.sort.test_sort_controller.TestSorterTierOrdering" name="test_reverse_deps_pulled_into_tier_three" time="0.002" /><testcase classname="tests.sort.test_sort_controller.TestSorterActiveOnlyFiltering" name="test_inactive_mods_excluded_from_sort" time="0.002" /><testcase classname="tests.sort.test_sort_controller.TestSorterActiveOnlyFiltering" name="test_inactive_cycle_does_not_cause_error" time="0.002" /><testcase classname="tests.sort.test_sort_controller.TestSorterActiveOnlyFiltering" name="test_inactive_tier_mods_excluded" time="0.002" /><testcase classname="tests.sort.test_sort_controller.TestCrossTierInteractions" name="test_tier_two_depending_on_tier_one_mod" time="0.002" /><testcase classname="tests.sort.test_sort_controller.TestCrossTierInteractions" name="test_tier_one_dep_pulled_from_tier_two" time="0.002" /><testcase classname="tests.sort.test_sort_controller.TestCrossTierInteractions" name="test_mod_in_both_tier_one_and_tier_three" time="0.002" /><testcase classname="tests.sort.test_sort_controller.TestCrossTierInteractions" name="test_all_four_tiers_present" time="0.002" /><testcase classname="tests.sort.test_sort_controller.TestSorterCustomCallable" name="test_custom_sort_method_used" time="0.001" /><testcase classname="tests.sort.test_sort_controller.TestGenerateDependencyGraphsPartition" name="test_four_tier_partition_correctness" time="0.001" /><testcase classname="tests.sort.test_sort_controller.TestGenerateDependencyGraphsPartition" name="test_partition_is_exhaustive_and_disjoint" time="0.002" /><testcase classname="tests.sort.test_sort_controller.TestSorterRegressions" name="test_constants_not_mutated" time="0.001" /><testcase classname="tests.sort.test_sort_controller.TestSorterRegressions" name="test_output_has_no_duplicates" time="0.002" /><testcase classname="tests.sort.test_sort_controller.TestSorterRegressions" name="test_reverse_deps_cycle_does_not_crash_tier_three" time="0.001" /><testcase classname="tests.sort.test_sort_controller.TestTierModsWithNoEdges" name="test_tier_zero_mod_without_graph_entry" time="0.002" /><testcase classname="tests.sort.test_sort_controller.TestTierModsWithNoEdges" name="test_tier_one_mod_without_graph_entry" time="0.002" /><testcase classname="tests.sort.test_sort_integration.TestBasicPipeline" name="test_two_mods_load_after" time="0.002" /><testcase classname="tests.sort.test_sort_integration.TestBasicPipeline" name="test_two_mods_load_before" time="0.002" /><testcase classname="tests.sort.test_sort_integration.TestBasicPipeline" name="test_chain_of_three" time="0.002" /><testcase classname="tests.sort.test_sort_integration.TestBasicPipeline" name="test_no_rules_alphabetical_fallback" time="0.002" /><testcase classname="tests.sort.test_sort_integration.TestConflictResolutionPipeline" name="test_explicit_wins_over_inferred_produces_valid_sort" time="0.002" /><testcase classname="tests.sort.test_sort_integration.TestConflictResolutionPipeline" name="test_non_conflicting_inferred_respected_in_sort" time="0.002" /><testcase classname="tests.sort.test_sort_integration.TestUserRulesOverride" name="test_user_load_after_overrides_about_load_before" time="0.003" /><testcase classname="tests.sort.test_sort_integration.TestUserRulesOverride" name="test_user_load_first_promotes_to_tier_one" time="0.002" /><testcase classname="tests.sort.test_sort_integration.TestUserRulesOverride" name="test_user_load_last_demotes_to_tier_three" time="0.002" /><testcase classname="tests.sort.test_sort_integration.TestEdgeCases" name="test_case_insensitive_package_ids_in_rules" time="0.002" /><testcase classname="tests.sort.test_sort_integration.TestEdgeCases" name="test_empty_active_set" time="0.001" /><testcase classname="tests.sort.test_sort_integration.TestEdgeCases" name="test_active_mod_not_in_metadata" time="0.002" /><testcase classname="tests.sort.test_sort_integration.TestEdgeCases" name="test_duplicate_package_ids_last_path_wins" time="0.002" /><testcase classname="tests.sort.test_sort_integration.TestSadPaths" name="test_two_mod_cycle_returns_false" time="0.002" /><testcase classname="tests.sort.test_sort_integration.TestSadPaths" name="test_three_mod_cycle_returns_false" time="0.002" /><testcase classname="tests.sort.test_sort_integration.TestSadPaths" name="test_listed_mod_without_package_id_skipped" time="0.002" /><testcase classname="tests.sort.test_sort_integration.TestSadPaths" name="test_self_dependency_is_ignored" time="0.002" /><testcase classname="tests.sort.test_sort_integration.TestRealisticScale" name="test_200_mods_no_deps" time="0.043" /><testcase classname="tests.sort.test_sort_integration.TestRealisticScale" name="test_300_mods_with_chain" time="0.016" /><testcase classname="tests.sort.test_sort_integration.TestRealisticScale" name="test_200_mods_with_tiers" time="0.010" /><testcase classname="tests.sort.test_sort_integration.TestRealisticScale" name="test_half_active_half_inactive" time="0.010" /><testcase classname="tests.sort.test_topo_sort.TestDoTopoSort" name="test_single_mod" time="0.001" /><testcase classname="tests.sort.test_topo_sort.TestDoTopoSort" name="test_linear_chain" time="0.001" /><testcase classname="tests.sort.test_topo_sort.TestDoTopoSort" name="test_alphabetical_within_same_level" time="0.001" /><testcase classname="tests.sort.test_topo_sort.TestDoTopoSort" name="test_graph_entry_not_in_active_mods_skipped" time="0.001" /><testcase classname="tests.sort.test_topo_sort.TestDoTopoSort" name="test_missing_mod_in_metadata_skipped" time="0.002" /><testcase classname="tests.sort.test_topo_sort.TestDoTopoSort" name="test_circular_dependency_raises" time="0.002" /><testcase classname="tests.sort.test_topo_sort.TestDoTopoSort" name="test_diamond_dag" time="0.001" /><testcase classname="tests.sort.test_topo_sort.TestDoTopoSort" name="test_empty_graph" time="0.001" /><testcase classname="tests.sort.test_topo_sort.TestDoTopoSort" name="test_non_string_name_handled" time="0.001" /><testcase classname="tests.sort.test_topo_sort.TestTopoSortEdgeCases" name="test_wide_graph_alphabetical_tiebreak" time="0.002" /><testcase classname="tests.sort.test_topo_sort.TestTopoSortEdgeCases" name="test_multiple_roots_with_shared_dep" time="0.001" /><testcase classname="tests.sort.test_topo_sort.TestTopoSortEdgeCases" name="test_disconnected_subgraphs" time="0.001" /><testcase classname="tests.test_translation_helper.TestRetryConfig" name="test_retry_config_defaults" time="0.001" /><testcase classname="tests.test_translation_helper.TestRetryConfig" name="test_retry_config_custom_values" time="0.001" /><testcase classname="tests.test_translation_helper.TestRetryConfig" name="test_get_delay_exponential_backoff" time="0.001" /><testcase classname="tests.test_translation_helper.TestRetryConfig" name="test_get_delay_respects_max_delay" time="0.001" /><testcase classname="tests.test_translation_helper.TestTimeoutConfig" name="test_timeout_config_defaults" time="0.001" /><testcase classname="tests.test_translation_helper.TestTimeoutConfig" name="test_timeout_config_custom_values" time="0.001" /><testcase classname="tests.test_translation_helper.TestTranslationConfig" name="test_translation_config_defaults" time="0.001" /><testcase classname="tests.test_translation_helper.TestTranslationConfig" name="test_translation_config_from_dict" time="0.001" /><testcase classname="tests.test_translation_helper.TestTranslationCache" name="test_cache_initialization" time="0.001" /><testcase classname="tests.test_translation_helper.TestTranslationCache" name="test_cache_set_and_get" time="0.001" /><testcase classname="tests.test_translation_helper.TestTranslationCache" name="test_cache_different_keys" time="0.001" /><testcase classname="tests.test_translation_helper.TestTranslationCache" name="test_cache_clear" time="0.001" /><testcase classname="tests.test_translation_helper.TestTranslationCache" name="test_cache_miss" time="0.001" /><testcase classname="tests.test_translation_helper.TestValidateLanguageCode" name="test_valid_language_codes" time="0.001" /><testcase classname="tests.test_translation_helper.TestValidateLanguageCode" name="test_invalid_language_code" time="0.002" /><testcase classname="tests.test_translation_helper.TestValidateLanguageCode" name="test_none_language_code" time="0.001" /><testcase classname="tests.test_translation_helper.TestValidateTimeout" name="test_valid_timeout" time="0.001" /><testcase classname="tests.test_translation_helper.TestValidateTimeout" name="test_invalid_timeout_zero" time="0.002" /><testcase classname="tests.test_translation_helper.TestValidateTimeout" name="test_invalid_timeout_negative" time="0.001" /><testcase classname="tests.test_translation_helper.TestValidateTimeout" name="test_invalid_timeout_too_large" time="0.001" /><testcase classname="tests.test_translation_helper.TestValidateTimeout" name="test_invalid_timeout_type" time="0.002" /><testcase classname="tests.test_translation_helper.TestValidateRetryCount" name="test_valid_retry_count" time="0.001" /><testcase classname="tests.test_translation_helper.TestValidateRetryCount" name="test_invalid_retry_count_negative" time="0.002" /><testcase classname="tests.test_translation_helper.TestValidateRetryCount" name="test_invalid_retry_count_too_high" time="0.001" /><testcase classname="tests.test_translation_helper.TestValidateRetryCount" name="test_invalid_retry_count_type" time="0.002" /><testcase classname="tests.test_translation_helper.TestValidateConcurrentRequests" name="test_valid_concurrent" time="0.001" /><testcase classname="tests.test_translation_helper.TestValidateConcurrentRequests" name="test_invalid_concurrent_zero" time="0.001" /><testcase classname="tests.test_translation_helper.TestValidateConcurrentRequests" name="test_invalid_concurrent_negative" time="0.001" /><testcase classname="tests.test_translation_helper.TestValidateConcurrentRequests" name="test_invalid_concurrent_too_high" time="0.001" /><testcase classname="tests.test_translation_helper.TestValidateConcurrentRequests" name="test_invalid_concurrent_type" time="0.001" /><testcase classname="tests.test_translation_helper.TestValidateApiKey" name="test_valid_api_key" time="0.001" /><testcase classname="tests.test_translation_helper.TestValidateApiKey" name="test_empty_api_key" time="0.002" /><testcase classname="tests.test_translation_helper.TestValidateApiKey" name="test_none_api_key" time="0.001" /><testcase classname="tests.test_translation_helper.TestValidateApiKey" name="test_short_api_key" time="0.001" /><testcase classname="tests.test_translation_helper.TestValidateApiKey" name="test_api_key_type_validation" time="0.001" /><testcase classname="tests.test_translation_helper.TestValidateApiKey" name="test_api_key_whitespace_stripped" time="0.001" /><testcase classname="tests.test_translation_helper.TestValidateModelName" name="test_valid_model_name" time="0.001" /><testcase classname="tests.test_translation_helper.TestValidateModelName" name="test_default_model_name" time="0.001" /><testcase classname="tests.test_translation_helper.TestValidateModelName" name="test_empty_model_name" time="0.002" /><testcase classname="tests.test_translation_helper.TestValidateModelName" name="test_invalid_model_name_format" time="0.002" /><testcase classname="tests.test_translation_helper.TestValidateModelName" name="test_model_name_type_validation" time="0.001" /><testcase classname="tests.test_translation_helper.TestGetLanguageCode" name="test_google_translate_code" time="0.001" /><testcase classname="tests.test_translation_helper.TestGetLanguageCode" name="test_deepl_code" time="0.001" /><testcase classname="tests.test_translation_helper.TestGetLanguageCode" name="test_openai_code" time="0.001" /><testcase classname="tests.test_translation_helper.TestGetLanguageCode" name="test_fallback_google_format" time="0.001" /><testcase classname="tests.test_translation_helper.TestGetLanguageCode" name="test_fallback_deepl_format" time="0.001" /><testcase classname="tests.test_translation_helper.TestGetLanguageCode" name="test_fallback_other_format" time="0.001" /><testcase classname="tests.test_translation_helper.TestGlobalConfiguration" name="test_get_translation_config" time="0.001" /><testcase classname="tests.test_translation_helper.TestGlobalConfiguration" name="test_set_translation_config" time="0.001" /><testcase classname="tests.test_translation_helper.TestGlobalConfiguration" name="test_get_translation_cache" time="0.001" /><testcase classname="tests.test_translation_helper.TestGlobalConfiguration" name="test_translation_cache_file_path" time="0.001" /><testcase classname="tests.test_translation_helper.TestGlobalConfiguration" name="test_clear_translation_cache" time="0.001" /><testcase classname="tests.test_translation_helper.TestConfigurationIntegration" name="test_full_configuration_workflow" time="0.001" /><testcase classname="tests.test_translation_helper.TestConfigurationIntegration" name="test_cache_with_validation" time="0.001" /><testcase classname="tests.test_translation_helper.TestAutoTranslateFile" name="test_auto_translate_file_success" time="0.008" /><testcase classname="tests.test_translation_helper.TestAutoTranslateFile" name="test_auto_translate_file_dry_run" time="0.004" /><testcase classname="tests.test_translation_helper.TestAutoTranslateFile" name="test_auto_translate_file_failure_no_continue" time="0.004" /><testcase classname="tests.test_translation_helper.TestAutoTranslateFile" name="test_auto_translate_file_failure_with_continue" time="0.004" /><testcase classname="tests.test_translation_helper.TestAutoTranslateFile" name="test_auto_translate_file_unexpected_exception" time="0.005" /><testcase classname="tests.test_translation_helper.TestAutoTranslateFile" name="test_auto_translate_file_no_unfinished_translations" time="0.005" /><testcase classname="tests.test_translation_helper.TestCreateTranslationService" name="test_create_google_service" time="0.001" /><testcase classname="tests.test_translation_helper.TestCreateTranslationService" name="test_create_deepl_service" time="0.001" /><testcase classname="tests.test_translation_helper.TestCreateTranslationService" name="test_create_openai_service" time="0.001" /><testcase classname="tests.test_translation_helper.TestCreateTranslationService" name="test_create_unknown_service" time="0.002" /><testcase classname="tests.test_translation_helper.TestFindUnfinishedTranslations" name="test_find_unfinished_translations" time="0.001" /><testcase classname="tests.test_translation_helper.TestFindUnfinishedTranslations" name="test_find_unfinished_translations_no_unfinished" time="0.001" /><testcase classname="tests.test_translation_helper.TestGetSourceKeys" name="test_get_source_keys" time="0.001" /><testcase classname="tests.test_translation_helper.TestGetSourceKeys" name="test_get_source_keys_empty" time="0.001" /><testcase classname="tests.test_translation_helper.TestParseTsFile" name="test_parse_ts_file_success" time="0.001" /><testcase classname="tests.test_translation_helper.TestParseTsFile" name="test_parse_ts_file_failure" time="0.001" /><testcase classname="tests.test_translation_helper.TestProcessLanguage" name="test_process_language_success" time="0.010" /><testcase classname="tests.test_translation_helper.TestProcessLanguage" name="test_process_language_no_files" time="0.002" /><testcase classname="tests.test_translation_helper.TestRunLrelease" name="test_run_lrelease_success" time="0.002" /><testcase classname="tests.test_translation_helper.TestRunLrelease" name="test_run_lrelease_failure" time="0.001" /><testcase classname="tests.test_translation_helper.TestRunLupdate" name="test_run_lupdate_success" time="0.005" /><testcase classname="tests.test_translation_helper.TestRunLupdate" name="test_run_lupdate_failure" time="0.003" /><testcase classname="tests.test_translation_helper.TestShouldSkipTranslation" name="test_should_skip_translation_empty_string" time="0.001" /><testcase classname="tests.test_translation_helper.TestShouldSkipTranslation" name="test_should_skip_translation_single_character" time="0.001" /><testcase classname="tests.test_translation_helper.TestShouldSkipTranslation" name="test_should_skip_translation_numbers" time="0.001" /><testcase classname="tests.test_translation_helper.TestShouldSkipTranslation" name="test_should_skip_translation_symbols" time="0.001" /><testcase classname="tests.test_translation_helper.TestShouldSkipTranslation" name="test_should_not_skip_translation_valid_text" time="0.001" /><testcase classname="tests.test_translation_helper.TestShowAllStats" name="test_show_all_stats" time="0.004" /><testcase classname="tests.utils.steam.test_bindings.TestStructLayouts" name="test_subscription_result_size" time="0.001" /><testcase classname="tests.utils.steam.test_bindings.TestStructLayouts" name="test_subscription_result_fields" time="0.001" /><testcase classname="tests.utils.steam.test_bindings.TestStructLayouts" name="test_get_app_dependencies_result_has_unsigned_pointer" time="0.001" /><testcase classname="tests.utils.steam.test_bindings.TestStructLayouts" name="test_download_item_result_size" time="0.001" /><testcase classname="tests.utils.steam.test_bindings.TestStructLayouts" name="test_download_item_result_field_order" time="0.001" /><testcase classname="tests.utils.steam.test_bindings.TestStructLayouts" name="test_item_installed_result_size" time="0.001" /><testcase classname="tests.utils.steam.test_bindings.TestStructLayouts" name="test_item_installed_result_field_order" time="0.001" /><testcase classname="tests.utils.steam.test_bindings.TestLibraryLoading" name="test_load_returns_none_when_library_missing" time="0.001" /><testcase classname="tests.utils.steam.test_bindings.TestLibraryLoading" name="test_resolve_raises_oserror_when_library_missing" time="0.002" /><testcase classname="tests.utils.steam.test_callback_tracker.TestCallbackTrackerBasic" name="test_wait_returns_true_when_all_callbacks_received" time="0.001" /><testcase classname="tests.utils.steam.test_callback_tracker.TestCallbackTrackerBasic" name="test_wait_returns_false_on_timeout" time="0.102" /><testcase classname="tests.utils.steam.test_callback_tracker.TestCallbackTrackerBasic" name="test_cancel_unblocks_wait" time="0.053" /><testcase classname="tests.utils.steam.test_callback_tracker.TestCallbackTrackerBasic" name="test_wait_returns_true_instantly_when_already_done" time="0.003" /><testcase classname="tests.utils.steam.test_callback_tracker.TestCallbackTrackerBasic" name="test_is_done_reflects_state" time="0.002" /><testcase classname="tests.utils.steam.test_callback_tracker.TestCallbackTrackerEdgeCases" name="test_expected_zero_is_immediately_done" time="0.002" /><testcase classname="tests.utils.steam.test_callback_tracker.TestCallbackTrackerEdgeCases" name="test_expected_none_never_completes_without_cancel" time="0.103" /><testcase classname="tests.utils.steam.test_callback_tracker.TestCallbackTrackerEdgeCases" name="test_expected_none_completes_with_cancel" time="0.001" /><testcase classname="tests.utils.steam.test_callback_tracker.TestCallbackTrackerEdgeCases" name="test_extra_records_beyond_expected_do_not_crash" time="0.001" /><testcase classname="tests.utils.steam.test_callback_tracker.TestCallbackTrackerConcurrency" name="test_concurrent_records_are_accurate" time="0.002" /><testcase classname="tests.utils.steam.test_callback_tracker.TestCallbackTrackerConcurrency" name="test_count_property_is_safe_under_contention" time="0.130" /><testcase classname="tests.utils.steam.test_steam_browser_regex" name="test_steam_browser_title_regex" time="0.006" /><testcase classname="tests.utils.test_acf_utils.TestCleanupOrphanedWorkshopItems" name="test_removes_orphaned_entries" time="0.004" /><testcase classname="tests.utils.test_acf_utils.TestCleanupOrphanedWorkshopItems" name="test_no_orphans_returns_empty" time="0.003" /><testcase classname="tests.utils.test_acf_utils.TestCleanupOrphanedWorkshopItems" name="test_creates_backup_file" time="0.003" /><testcase classname="tests.utils.test_acf_utils.TestCleanupOrphanedWorkshopItems" name="test_write_failure_restores_backup" time="0.003" /><testcase classname="tests.utils.test_acf_utils.TestCleanupOrphanedWorkshopItems" name="test_missing_acf_file_returns_empty" time="0.002" /><testcase classname="tests.utils.test_acf_utils.TestCleanupOrphanedWorkshopItems" name="test_missing_workshop_directory_returns_empty" time="0.002" /><testcase classname="tests.utils.test_acf_utils.TestCleanupOrphanedWorkshopItems" name="test_mixed_sections" time="0.003" /><testcase classname="tests.utils.test_acf_utils.TestCleanupOrphanedWorkshopItems" name="test_all_entries_orphaned" time="0.003" /><testcase classname="tests.utils.test_acf_utils.TestCleanupOrphanedWorkshopItems" name="test_ignores_non_numeric_directories" time="0.003" /><testcase classname="tests.utils.test_appimage_update.TestAppInfoAppImage" name="test_is_appimage_when_env_set" time="0.002" /><testcase classname="tests.utils.test_appimage_update.TestAppInfoAppImage" name="test_is_appimage_when_env_unset" time="0.002" /><testcase classname="tests.utils.test_appimage_update.TestAppInfoAppImage" name="test_is_appimage_when_env_empty" time="0.002" /><testcase classname="tests.utils.test_appimage_update.TestAppInfoAppImage" name="test_appimage_path_returns_path" time="0.002" /><testcase classname="tests.utils.test_appimage_update.TestAppInfoAppImage" name="test_appimage_path_returns_none_when_unset" time="0.002" /><testcase classname="tests.utils.test_appimage_update.TestAppInfoAppImage" name="test_bak_cleanup_on_startup" time="0.002" /><testcase classname="tests.utils.test_appimage_update.TestAppInfoAppImage" name="test_bak_cleanup_does_nothing_when_no_bak" time="0.002" /><testcase classname="tests.utils.test_appimage_update.TestAssetSelection" name="test_prefers_appimage_when_running_as_appimage" time="0.003" /><testcase classname="tests.utils.test_appimage_update.TestAssetSelection" name="test_falls_back_to_zip_when_no_appimage_asset" time="0.003" /><testcase classname="tests.utils.test_appimage_update.TestAssetSelection" name="test_no_appimage_selection_when_not_appimage" time="0.002" /><testcase classname="tests.utils.test_appimage_update.TestTarGzAssetSelection" name="test_linux_prefers_tar_gz_over_zip" time="0.002" /><testcase classname="tests.utils.test_appimage_update.TestTarGzAssetSelection" name="test_linux_falls_back_to_zip_when_no_tar_gz" time="0.002" /><testcase classname="tests.utils.test_appimage_update.TestTarGzAssetSelection" name="test_darwin_prefers_tar_gz" time="0.002" /><testcase classname="tests.utils.test_appimage_update.TestTarGzAssetSelection" name="test_windows_ignores_tar_gz" time="0.002" /><testcase classname="tests.utils.test_appimage_update.TestFindAppImageAsset" name="test_matches_arch_specific" time="0.002" /><testcase classname="tests.utils.test_appimage_update.TestFindAppImageAsset" name="test_returns_none_when_no_appimage" time="0.002" /><testcase classname="tests.utils.test_appimage_update.TestFindAppImageAsset" name="test_fallback_without_arch_match" time="0.002" /><testcase classname="tests.utils.test_appimage_update.TestPrepareAppImageUpdate" name="test_writes_new_appimage_file" time="0.003" /><testcase classname="tests.utils.test_appimage_update.TestPrepareAppImageUpdate" name="test_raises_when_no_appimage_env" time="0.002" /><testcase classname="tests.utils.test_appimage_update.TestPrepareAppImageUpdate" name="test_raises_when_no_write_permission" time="0.003" /><testcase classname="tests.utils.test_appimage_update.TestTarExtractThread" name="test_extracts_content" time="0.003" /><testcase classname="tests.utils.test_appimage_update.TestTarExtractThread" name="test_reports_progress" time="0.003" /><testcase classname="tests.utils.test_appimage_update.TestTarExtractThread" name="test_emits_failure_on_invalid_archive" time="0.002" /><testcase classname="tests.utils.test_appimage_update.TestTarExtractThread" name="test_emits_failure_on_empty_archive" time="0.002" /><testcase classname="tests.utils.test_appimage_update.TestTarExtractThread" name="test_abort_stops_extraction" time="0.003" /><testcase classname="tests.utils.test_appimage_update.TestExtractTarGzIntegration" name="test_raises_on_invalid_tar_gz" time="0.003" /><testcase classname="tests.utils.test_appimage_update.TestExtractTarGzIntegration" name="test_raises_on_empty_tar_gz" time="0.003" /><testcase classname="tests.utils.test_constants.TestSortMethod" name="test_values" time="0.001" /><testcase classname="tests.utils.test_constants.TestSortMethod" name="test_is_string_enum" time="0.001" /><testcase classname="tests.utils.test_constants.TestRimworldDlcMetadata" name="test_all_dlcs_have_required_fields" time="0.001" /><testcase classname="tests.utils.test_constants.TestRimworldDlcMetadata" name="test_package_ids_match_known_values" time="0.001" /><testcase classname="tests.utils.test_constants.TestRimworldDlcMetadata" name="test_base_game_included" time="0.001" /><testcase classname="tests.utils.test_constants.TestRimworldDlcMetadata" name="test_no_dlcs_accidentally_removed" time="0.001" /><testcase classname="tests.utils.test_constants.TestKnownMods" name="test_tier_zero_contains_base_game" time="0.001" /><testcase classname="tests.utils.test_constants.TestKnownMods" name="test_tier_zero_contains_harmony" time="0.001" /><testcase classname="tests.utils.test_constants.TestKnownMods" name="test_replacements_keys_exist" time="0.001" /><testcase classname="tests.utils.test_constants.TestMiscConstants" name="test_default_instance_name" time="0.001" /><testcase classname="tests.utils.test_constants.TestMiscConstants" name="test_default_missing_packageid" time="0.001" /><testcase classname="tests.utils.test_constants.TestMiscConstants" name="test_search_filter_indexes" time="0.001" /><testcase classname="tests.utils.test_external_metadata_loaders.TestSourceConstants" name="test_source_url_constant_exists" time="0.001" /><testcase classname="tests.utils.test_external_metadata_loaders.TestSourceConstants" name="test_all_source_constants_are_distinct" time="0.001" /><testcase classname="tests.utils.test_external_metadata_loaders.TestLoadMetadataBySource" name="test_url_source_resolves_path_like_git_repo" time="0.002" /><testcase classname="tests.utils.test_external_metadata_loaders.TestLoadMetadataBySource" name="test_disabled_source_returns_none" time="0.002" /><testcase classname="tests.utils.test_external_metadata_loaders.TestLoadMetadataBySource" name="test_file_path_source_uses_file_path" time="0.002" /><testcase classname="tests.utils.test_external_metadata_loaders.TestLoadMetadataSourceDispatch" name="test_url_source_uses_repo_path_for_directory_derivation" time="0.002" /><testcase classname="tests.utils.test_files.TestSubfolderContainsCandidatePath" name="test_matching_file_in_subfolder" time="0.002" /><testcase classname="tests.utils.test_files.TestSubfolderContainsCandidatePath" name="test_no_matching_file" time="0.002" /><testcase classname="tests.utils.test_files.TestSubfolderContainsCandidatePath" name="test_candidate_not_exist" time="0.002" /><testcase classname="tests.utils.test_files.TestSubfolderContainsCandidatePath" name="test_none_subfolder_returns_false" time="0.001" /><testcase classname="tests.utils.test_files.TestSubfolderContainsCandidatePath" name="test_none_candidate_uses_root" time="0.002" /><testcase classname="tests.utils.test_files.TestSubfolderContainsCandidatePath" name="test_checks_immediate_subdirs" time="0.002" /><testcase classname="tests.utils.test_files.TestCleanupOldBackups" name="test_keeps_specified_number" time="0.059" /><testcase classname="tests.utils.test_files.TestCleanupOldBackups" name="test_keep_negative_one_keeps_all" time="0.058" /><testcase classname="tests.utils.test_files.TestCleanupOldBackups" name="test_keep_zero_deletes_all" time="0.037" /><testcase classname="tests.utils.test_files.TestCleanupOldBackups" name="test_fewer_than_keep_does_nothing" time="0.026" /><testcase classname="tests.utils.test_files.TestCreateSavesBackup" name="test_creates_backup_zip" time="0.005" /><testcase classname="tests.utils.test_files.TestCreateSavesBackup" name="test_nonexistent_saves_dir_returns_none" time="0.003" /><testcase classname="tests.utils.test_files.TestCreateSavesBackup" name="test_compression_count_zero_returns_none" time="0.003" /><testcase classname="tests.utils.test_files.TestCreateSavesBackup" name="test_compression_count_limits_files" time="0.060" /><testcase classname="tests.utils.test_generic" name="test_get_git_dir_name" time="0.002" /><testcase classname="tests.utils.test_generic" name="test_get_git_org_or_user" time="0.002" /><testcase classname="tests.utils.test_generic" name="test_check_valid_http_git_url" time="0.002" /><testcase classname="tests.utils.test_http_download_worker.TestDatabaseDownloadTask" name="test_dataclass_fields" time="0.002" /><testcase classname="tests.utils.test_http_download_worker.TestHttpDownloadWorker" name="test_worker_processes_all_tasks" time="0.002" /><testcase classname="tests.utils.test_http_download_worker.TestHttpDownloadWorker" name="test_single_failure_does_not_abort_batch" time="0.003" /><testcase classname="tests.utils.test_http_download_worker.TestHttpDownloadWorker" name="test_progress_signals_emitted" time="0.002" /><testcase classname="tests.utils.test_http_downloader.TestDownloadResult" name="test_enum_members_exist" time="0.002" /><testcase classname="tests.utils.test_http_downloader.TestDownloadResult" name="test_enum_members_are_distinct" time="0.002" /><testcase classname="tests.utils.test_http_downloader.TestHttpDatabaseDownloader304" name="test_returns_up_to_date_on_304" time="0.003" /><testcase classname="tests.utils.test_http_downloader.TestHttpDatabaseDownloader304" name="test_sends_conditional_headers_from_cache" time="0.003" /><testcase classname="tests.utils.test_http_downloader.TestHttpDatabaseDownloader200" name="test_returns_updated_on_200" time="0.004" /><testcase classname="tests.utils.test_http_downloader.TestHttpDatabaseDownloader200" name="test_extracts_zip_contents" time="0.004" /><testcase classname="tests.utils.test_http_downloader.TestHttpDatabaseDownloader200" name="test_writes_cache_metadata" time="0.004" /><testcase classname="tests.utils.test_http_downloader.TestHttpDatabaseDownloader200" name="test_replaces_existing_repo_dir" time="0.004" /><testcase classname="tests.utils.test_http_downloader.TestHttpDatabaseDownloaderFailure" name="test_network_error_returns_failed" time="0.002" /><testcase classname="tests.utils.test_http_downloader.TestHttpDatabaseDownloaderFailure" name="test_network_error_preserves_existing_files" time="0.002" /><testcase classname="tests.utils.test_http_downloader.TestHttpDatabaseDownloaderFailure" name="test_http_error_returns_failed" time="0.002" /><testcase classname="tests.utils.test_http_downloader.TestHttpDatabaseDownloaderFailure" name="test_bad_zip_returns_failed_preserves_existing" time="0.003" /><testcase classname="tests.utils.test_http_downloader.TestHttpDatabaseDownloaderProgress" name="test_progress_callback_called" time="0.003" /><testcase classname="tests.utils.test_http_downloader.TestHttpDatabaseDownloaderProgress" name="test_no_callback_does_not_error" time="0.003" /><testcase classname="tests.utils.test_http_downloader.TestHttpDatabaseDownloaderNoCache" name="test_no_conditional_headers_without_cache" time="0.003" /><testcase classname="tests.utils.test_ignore_manager.TestLoadIgnoredMods" name="test_no_file_returns_empty" time="0.002" /><testcase classname="tests.utils.test_ignore_manager.TestLoadIgnoredMods" name="test_list_format" time="0.002" /><testcase classname="tests.utils.test_ignore_manager.TestLoadIgnoredMods" name="test_dict_format" time="0.002" /><testcase classname="tests.utils.test_ignore_manager.TestLoadIgnoredMods" name="test_invalid_json_returns_empty" time="0.002" /><testcase classname="tests.utils.test_ignore_manager.TestLoadIgnoredMods" name="test_invalid_format_returns_empty" time="0.002" /><testcase classname="tests.utils.test_ignore_manager.TestSaveIgnoredMods" name="test_saves_sorted_with_metadata" time="0.002" /><testcase classname="tests.utils.test_ignore_manager.TestSaveIgnoredMods" name="test_creates_parent_directory" time="0.002" /><testcase classname="tests.utils.test_ignore_manager.TestAddRemoveMods" name="test_add_single_mod" time="0.003" /><testcase classname="tests.utils.test_ignore_manager.TestAddRemoveMods" name="test_add_duplicate_is_idempotent" time="0.002" /><testcase classname="tests.utils.test_ignore_manager.TestAddRemoveMods" name="test_add_multiple_mods" time="0.002" /><testcase classname="tests.utils.test_ignore_manager.TestAddRemoveMods" name="test_add_empty_list" time="0.002" /><testcase classname="tests.utils.test_ignore_manager.TestAddRemoveMods" name="test_remove_single_mod" time="0.002" /><testcase classname="tests.utils.test_ignore_manager.TestAddRemoveMods" name="test_remove_nonexistent_is_noop" time="0.002" /><testcase classname="tests.utils.test_ignore_manager.TestAddRemoveMods" name="test_remove_multiple_mods" time="0.002" /><testcase classname="tests.utils.test_ignore_manager.TestAddRemoveMods" name="test_clear_all" time="0.002" /><testcase classname="tests.utils.test_launch_command_parser.TestParseBasicEnvVar" name="test_single_env_var" time="0.001" /><testcase classname="tests.utils.test_launch_command_parser.TestParseBasicEnvVar" name="test_multiple_env_vars" time="0.001" /><testcase classname="tests.utils.test_launch_command_parser.TestParseBasicEnvVar" name="test_env_var_with_empty_value" time="0.001" /><testcase classname="tests.utils.test_launch_command_parser.TestParseBasicEnvVar" name="test_env_var_with_complex_value" time="0.001" /><testcase classname="tests.utils.test_launch_command_parser.TestParseBasicEnvVar" name="test_quoted_env_var_value" time="0.001" /><testcase classname="tests.utils.test_launch_command_parser.TestParseBasicEnvVar" name="test_env_var_with_equals_in_value" time="0.001" /><testcase classname="tests.utils.test_launch_command_parser.TestParseWrapperCommands" name="test_single_wrapper" time="0.001" /><testcase classname="tests.utils.test_launch_command_parser.TestParseWrapperCommands" name="test_multiple_wrappers" time="0.001" /><testcase classname="tests.utils.test_launch_command_parser.TestParseWrapperCommands" name="test_wrapper_with_path" time="0.001" /><testcase classname="tests.utils.test_launch_command_parser.TestParseCombinedUsage" name="test_env_and_wrapper" time="0.001" /><testcase classname="tests.utils.test_launch_command_parser.TestParseCombinedUsage" name="test_env_wrapper_and_args" time="0.001" /><testcase classname="tests.utils.test_launch_command_parser.TestParseCombinedUsage" name="test_multiple_env_and_multiple_wrappers" time="0.001" /><testcase classname="tests.utils.test_launch_command_parser.TestParseGameArgs" name="test_only_game_args" time="0.001" /><testcase classname="tests.utils.test_launch_command_parser.TestParseGameArgs" name="test_args_with_values" time="0.001" /><testcase classname="tests.utils.test_launch_command_parser.TestParseGameArgs" name="test_args_with_spaces_in_paths" time="0.001" /><testcase classname="tests.utils.test_launch_command_parser.TestParseGameArgs" name="test_args_with_equals_sign" time="0.001" /><testcase classname="tests.utils.test_launch_command_parser.TestParseEdgeCases" name="test_no_command_placeholder" time="0.001" /><testcase classname="tests.utils.test_launch_command_parser.TestParseEdgeCases" name="test_multiple_command_placeholders" time="0.001" /><testcase classname="tests.utils.test_launch_command_parser.TestParseEdgeCases" name="test_empty_string" time="0.001" /><testcase classname="tests.utils.test_launch_command_parser.TestParseEdgeCases" name="test_whitespace_only" time="0.001" /><testcase classname="tests.utils.test_launch_command_parser.TestParseEdgeCases" name="test_command_placeholder_only" time="0.001" /><testcase classname="tests.utils.test_launch_command_parser.TestParseEdgeCases" name="test_unclosed_quotes" time="0.001" /><testcase classname="tests.utils.test_launch_command_parser.TestParseEdgeCases" name="test_complex_real_world_example" time="0.001" /><testcase classname="tests.utils.test_launch_command_parser.TestParseWindowsBackslashPaths" name="test_backslash_path_preserved" time="0.002" /><testcase classname="tests.utils.test_launch_command_parser.TestParseWindowsBackslashPaths" name="test_savedatafolder_backslash_path" time="0.001" /><testcase classname="tests.utils.test_launch_command_parser.TestParseWindowsBackslashPaths" name="test_quoted_path_with_spaces" time="0.001" /><testcase classname="tests.utils.test_launch_command_parser.TestParseWindowsBackslashPaths" name="test_command_placeholder_with_backslash_args" time="0.001" /><testcase classname="tests.utils.test_launch_command_parser.TestParseWindowsBackslashPaths" name="test_unc_path_preserved" time="0.001" /><testcase classname="tests.utils.test_launch_command_parser.TestParseWindowsBackslashPaths" name="test_unix_not_affected" time="0.001" /><testcase classname="tests.utils.test_launch_command_parser.TestParseDataclass" name="test_default_construction" time="0.001" /><testcase classname="tests.utils.test_launch_command_parser.TestParseDataclass" name="test_explicit_construction" time="0.001" /><testcase classname="tests.utils.test_mod_info.TestModInfoInit" name="test_valid_construction" time="0.001" /><testcase classname="tests.utils.test_mod_info.TestModInfoInit" name="test_empty_packageid_raises" time="0.002" /><testcase classname="tests.utils.test_mod_info.TestModInfoInit" name="test_whitespace_packageid_raises" time="0.001" /><testcase classname="tests.utils.test_mod_info.TestModInfoInit" name="test_empty_name_set_to_unknown" time="0.001" /><testcase classname="tests.utils.test_mod_info.TestFromMetadata" name="test_basic_metadata" time="0.001" /><testcase classname="tests.utils.test_mod_info.TestFromMetadata" name="test_steamcmd_source" time="0.001" /><testcase classname="tests.utils.test_mod_info.TestFromMetadata" name="test_local_source" time="0.001" /><testcase classname="tests.utils.test_mod_info.TestFromMetadata" name="test_database_source_fallback" time="0.001" /><testcase classname="tests.utils.test_mod_info.TestFromMetadata" name="test_missing_packageid_raises" time="0.002" /><testcase classname="tests.utils.test_mod_info.TestFromMetadata" name="test_authors_as_list" time="0.001" /><testcase classname="tests.utils.test_mod_info.TestFromMetadata" name="test_fallback_name_from_steamname" time="0.001" /><testcase classname="tests.utils.test_mod_info.TestNormalizeVersion" name="test_major_minor" time="0.001" /><testcase classname="tests.utils.test_mod_info.TestNormalizeVersion" name="test_major_minor_patch_truncated" time="0.001" /><testcase classname="tests.utils.test_mod_info.TestNormalizeVersion" name="test_single_part" time="0.001" /><testcase classname="tests.utils.test_mod_info.TestNormalizeVersion" name="test_non_string_returns_str" time="0.001" /><testcase classname="tests.utils.test_mod_info.TestParseSupportedVersions" name="test_dict_with_list" time="0.001" /><testcase classname="tests.utils.test_mod_info.TestParseSupportedVersions" name="test_dict_with_single_string" time="0.001" /><testcase classname="tests.utils.test_mod_info.TestParseSupportedVersions" name="test_list_input" time="0.001" /><testcase classname="tests.utils.test_mod_info.TestParseSupportedVersions" name="test_string_input" time="0.001" /><testcase classname="tests.utils.test_mod_info.TestParseSupportedVersions" name="test_none_returns_unknown" time="0.001" /><testcase classname="tests.utils.test_mod_info.TestParseSupportedVersions" name="test_deduplication" time="0.001" /><testcase classname="tests.utils.test_mod_info.TestParseSupportedVersions" name="test_version_normalization_in_list" time="0.001" /><testcase classname="tests.utils.test_mod_info.TestGenerateWorkshopUrl" name="test_valid_numeric_id" time="0.001" /><testcase classname="tests.utils.test_mod_info.TestGenerateWorkshopUrl" name="test_empty_id_returns_empty" time="0.001" /><testcase classname="tests.utils.test_mod_info.TestGenerateWorkshopUrl" name="test_non_numeric_id_returns_empty" time="0.001" /><testcase classname="tests.utils.test_mod_info.TestTimeProperties" name="test_downloaded_time_with_value" time="0.001" /><testcase classname="tests.utils.test_mod_info.TestTimeProperties" name="test_downloaded_time_none" time="0.001" /><testcase classname="tests.utils.test_mod_info.TestTimeProperties" name="test_updated_on_workshop_none" time="0.001" /><testcase classname="tests.utils.test_mod_utils" name="test_get_mod_name_from_pfid_valid_internal" time="0.002" /><testcase classname="tests.utils.test_mod_utils" name="test_get_mod_name_from_pfid_valid_external" time="0.002" /><testcase classname="tests.utils.test_mod_utils" name="test_get_mod_name_from_pfid_invalid" time="0.002" /><testcase classname="tests.utils.test_mod_utils" name="test_get_mod_paths_from_uuids" time="0.002" /><testcase classname="tests.utils.test_mod_utils" name="test_get_mod_paths_from_uuids_with_nonexistent_path" time="0.002" /><testcase classname="tests.utils.test_mod_utils.TestFilterEligibleModsForUpdate" name="test_basic_eligible_mod" time="0.002" /><testcase classname="tests.utils.test_mod_utils.TestFilterEligibleModsForUpdate" name="test_fallback_to_internal_time_updated" time="0.001" /><testcase classname="tests.utils.test_mod_utils.TestFilterEligibleModsForUpdate" name="test_internal_time_touched_preferred_over_updated" time="0.001" /><testcase classname="tests.utils.test_mod_utils.TestFilterEligibleModsForUpdate" name="test_neither_internal_timestamp_present" time="0.001" /><testcase classname="tests.utils.test_mod_utils.TestFilterEligibleModsForUpdate" name="test_up_to_date_mod_skipped" time="0.002" /><testcase classname="tests.utils.test_mod_utils.TestFilterEligibleModsForUpdate" name="test_non_workshop_mod_skipped" time="0.001" /><testcase classname="tests.utils.test_mod_utils.TestFilterEligibleModsForUpdate" name="test_steamcmd_mod_eligible" time="0.001" /><testcase classname="tests.utils.test_mod_utils.TestFilterEligibleModsForUpdate" name="test_mixed_mods" time="0.002" /><testcase classname="tests.utils.test_mod_utils.TestFilterEligibleModsForUpdate" name="test_zero_internal_time_touched_treated_as_missing" time="0.001" /><testcase classname="tests.utils.test_mod_utils.TestFilterEligibleModsForUpdate" name="test_zero_internal_time_updated_treated_as_missing" time="0.001" /><testcase classname="tests.utils.test_mod_utils.TestFilterEligibleModsForUpdate" name="test_zero_external_time_treated_as_missing" time="0.001" /><testcase classname="tests.utils.test_mod_utils.TestFilterEligibleModsForUpdate" name="test_no_external_time" time="0.001" /><testcase classname="tests.utils.test_mod_utils.TestFilterEligibleModsForUpdate" name="test_empty_metadata" time="0.001" /><testcase classname="tests.utils.test_mod_utils.TestFilterEligibleModsForUpdate" name="test_signature_unchanged" time="0.001" /><testcase classname="tests.utils.test_obfuscate_message" name="test__anonymize_path_windows_path_only" time="0.002" /><testcase classname="tests.utils.test_obfuscate_message" name="test__anonymize_path_linux_path_only" time="0.001" /><testcase classname="tests.utils.test_obfuscate_message" name="test__anonymize_path_windows_mixed_message" time="0.001" /><testcase classname="tests.utils.test_obfuscate_message" name="test__anonymize_path_linux_mixed_message" time="0.001" /><testcase classname="tests.utils.test_schema.TestGenerateRimworldModsList" name="test_basic_generation" time="0.001" /><testcase classname="tests.utils.test_schema.TestGenerateRimworldModsList" name="test_known_expansions_excludes_base_game" time="0.001" /><testcase classname="tests.utils.test_schema.TestGenerateRimworldModsList" name="test_empty_packageids" time="0.001" /><testcase classname="tests.utils.test_schema.TestValidateRimworldModsList" name="test_modsconfig_format" time="0.002" /><testcase classname="tests.utils.test_schema.TestValidateRimworldModsList" name="test_modsconfig_single_mod_string" time="0.002" /><testcase classname="tests.utils.test_schema.TestValidateRimworldModsList" name="test_savegame_format" time="0.002" /><testcase classname="tests.utils.test_schema.TestValidateRimworldModsList" name="test_saved_mod_list_format" time="0.002" /><testcase classname="tests.utils.test_schema.TestValidateRimworldModsList" name="test_invalid_format_returns_default" time="0.002" /><testcase classname="tests.utils.test_symlink.TestExceptions" name="test_base_exception_stores_paths" time="0.001" /><testcase classname="tests.utils.test_symlink.TestExceptions" name="test_subclass_hierarchy" time="0.001" /><testcase classname="tests.utils.test_symlink.TestIsJunctionOrLink" name="test_regular_file_returns_false" time="0.002" /><testcase classname="tests.utils.test_symlink.TestIsJunctionOrLink" name="test_regular_dir_returns_false" time="0.002" /><testcase classname="tests.utils.test_symlink.TestIsJunctionOrLink" name="test_symlink_returns_true" time="0.002" /><testcase classname="tests.utils.test_symlink.TestIsJunctionOrLink" name="test_nonexistent_returns_false" time="0.002" /><testcase classname="tests.utils.test_symlink.TestCreateSymlink" name="test_basic_symlink_creation" time="0.002" /><testcase classname="tests.utils.test_symlink.TestCreateSymlink" name="test_src_not_exist_raises" time="0.002" /><testcase classname="tests.utils.test_symlink.TestCreateSymlink" name="test_src_is_file_raises" time="0.002" /><testcase classname="tests.utils.test_symlink.TestCreateSymlink" name="test_dst_existing_symlink_recreated" time="0.002" /><testcase classname="tests.utils.test_symlink.TestCreateSymlink" name="test_dst_empty_dir_removed" time="0.002" /><testcase classname="tests.utils.test_symlink.TestCreateSymlink" name="test_dst_nonempty_dir_raises_without_force" time="0.002" /><testcase classname="tests.utils.test_symlink.TestCreateSymlink" name="test_dst_nonempty_dir_force" time="0.002" /><testcase classname="tests.utils.test_symlink.TestCreateSymlink" name="test_dst_is_file_raises_without_force" time="0.002" /><testcase classname="tests.utils.test_symlink.TestCreateSymlink" name="test_dst_is_file_force" time="0.002" /><testcase classname="tests.utils.test_symlink.TestCreateSymlink" name="test_dst_parent_not_exist_raises" time="0.002" /><testcase classname="tests.utils.test_symlink.TestCreateSymlink" name="test_dst_parent_not_exist_force_creates_parents" time="0.002" /><testcase classname="tests.utils.test_system_info.TestOperatingSystemDetection" name="test_linux" time="0.002" /><testcase classname="tests.utils.test_system_info.TestOperatingSystemDetection" name="test_windows" time="0.002" /><testcase classname="tests.utils.test_system_info.TestOperatingSystemDetection" name="test_macos" time="0.002" /><testcase classname="tests.utils.test_system_info.TestOperatingSystemDetection" name="test_unsupported_os_raises" time="0.002" /><testcase classname="tests.utils.test_system_info.TestArchitectureDetection" name="test_x64" time="0.002" /><testcase classname="tests.utils.test_system_info.TestArchitectureDetection" name="test_amd64" time="0.002" /><testcase classname="tests.utils.test_system_info.TestArchitectureDetection" name="test_x86" time="0.002" /><testcase classname="tests.utils.test_system_info.TestArchitectureDetection" name="test_arm64" time="0.002" /><testcase classname="tests.utils.test_system_info.TestArchitectureDetection" name="test_aarch64" time="0.002" /><testcase classname="tests.utils.test_system_info.TestArchitectureDetection" name="test_arm64e" time="0.002" /><testcase classname="tests.utils.test_system_info.TestArchitectureDetection" name="test_unsupported_arch_raises" time="0.002" /><testcase classname="tests.utils.test_system_info.TestSingleton" name="test_same_instance_returned" time="0.002" /><testcase classname="tests.utils.test_todds_wrapper.TestToddsInterfaceInit" name="test_optimized_preset_default" time="0.001" /><testcase classname="tests.utils.test_todds_wrapper.TestToddsInterfaceInit" name="test_clean_preset" time="0.001" /><testcase classname="tests.utils.test_todds_wrapper.TestToddsInterfaceInit" name="test_custom_preset_uses_passed_command" time="0.002" /><testcase classname="tests.utils.test_todds_wrapper.TestToddsInterfaceInit" name="test_custom_preset_without_command_has_empty_args" time="0.001" /><testcase classname="tests.utils.test_todds_wrapper.TestToddsInterfaceInit" name="test_overwrite_flag_enabled" time="0.002" /><testcase classname="tests.utils.test_todds_wrapper.TestToddsInterfaceInit" name="test_overwrite_flag_disabled" time="0.001" /><testcase classname="tests.utils.test_todds_wrapper.TestToddsInterfaceInit" name="test_dry_run_removes_parallel_flags" time="0.001" /><testcase classname="tests.utils.test_todds_wrapper.TestToddsExecute" name="test_execute_calls_runner_when_binary_exists" time="0.003" /><testcase classname="tests.utils.test_todds_wrapper.TestToddsExecute" name="test_execute_shows_error_when_binary_missing" time="0.002" /><testcase classname="tests.utils.test_url_validation.TestRentryUrlValidation" name="test_valid_rentry_url" time="0.001" /><testcase classname="tests.utils.test_url_validation.TestRentryUrlValidation" name="test_valid_rentry_raw_url" time="0.001" /><testcase classname="tests.utils.test_url_validation.TestRentryUrlValidation" name="test_reject_subdomain_spoofing" time="0.001" /><testcase classname="tests.utils.test_url_validation.TestRentryUrlValidation" name="test_reject_http" time="0.001" /><testcase classname="tests.utils.test_url_validation.TestRentryUrlValidation" name="test_reject_non_url" time="0.001" /><testcase classname="tests.utils.test_url_validation.TestRentryUrlValidation" name="test_case_insensitive_hostname" time="0.001" /><testcase classname="tests.utils.test_url_validation.TestRentryUrlValidation" name="test_reject_empty" time="0.001" /><testcase classname="tests.utils.test_watchdog.TestWatchdogHandlerStop" name="test_stop_both_observers_alive" time="0.009" /><testcase classname="tests.utils.test_watchdog.TestWatchdogHandlerStop" name="test_stop_only_acf_alive" time="0.002" /><testcase classname="tests.utils.test_watchdog.TestWatchdogHandlerStop" name="test_stop_only_mods_alive" time="0.003" /><testcase classname="tests.utils.test_watchdog.TestWatchdogHandlerStop" name="test_stop_always_cancels_timers[True-True]" time="0.003" /><testcase classname="tests.utils.test_watchdog.TestWatchdogHandlerStop" name="test_stop_always_cancels_timers[True-False]" time="0.002" /><testcase classname="tests.utils.test_watchdog.TestWatchdogHandlerStop" name="test_stop_always_cancels_timers[False-True]" time="0.002" /><testcase classname="tests.utils.test_watchdog.TestWatchdogHandlerStop" name="test_stop_always_cancels_timers[False-False]" time="0.002" /><testcase classname="tests.utils.test_watchdog.TestWatchdogHandlerStop" name="test_stop_clears_timers_dict" time="0.002" /><testcase classname="tests.utils.test_watchdog.TestWatchdogHandlerStop" name="test_stop_nulls_observers" time="0.003" /><testcase classname="tests.utils.test_watchdog.TestWatchdogHandlerStop" name="test_stop_none_observers_is_noop" time="0.002" /><testcase classname="tests.utils.test_watchdog.TestWatchdogHandlerStop" name="test_stop_idempotent" time="0.002" /><testcase classname="tests.utils.test_watchdog.TestWatchdogHandlerStart" name="test_start_both_observers" time="0.002" /><testcase classname="tests.utils.test_watchdog.TestWatchdogHandlerStart" name="test_start_skips_already_alive_with_warning" time="0.002" /><testcase classname="tests.utils.test_watchdog.TestWatchdogHandlerStart" name="test_start_none_observers_logs_warning" time="0.002" /><testcase classname="tests.utils.test_xml.TestEtreeToDict" name="test_simple_element" time="0.002" /><testcase classname="tests.utils.test_xml.TestEtreeToDict" name="test_nested_elements" time="0.001" /><testcase classname="tests.utils.test_xml.TestEtreeToDict" name="test_element_with_attributes" time="0.001" /><testcase classname="tests.utils.test_xml.TestEtreeToDict" name="test_duplicate_children_become_list" time="0.001" /><testcase classname="tests.utils.test_xml.TestEtreeToDict" name="test_empty_element" time="0.001" /><testcase classname="tests.utils.test_xml.TestEtreeToDict" name="test_text_only_element" time="0.001" /><testcase classname="tests.utils.test_xml.TestDictToEtree" name="test_simple_dict" time="0.002" /><testcase classname="tests.utils.test_xml.TestDictToEtree" name="test_dict_with_attributes" time="0.002" /><testcase classname="tests.utils.test_xml.TestDictToEtree" name="test_list_children" time="0.001" /><testcase classname="tests.utils.test_xml.TestDictToEtree" name="test_roundtrip" time="0.001" /><testcase classname="tests.utils.test_xml.TestDictToEtree" name="test_rejects_multi_root" time="0.001" /><testcase classname="tests.utils.test_xml.TestXmlPathToJson" name="test_simple_xml_file" time="0.002" /><testcase classname="tests.utils.test_xml.TestXmlPathToJson" name="test_nonexistent_file_returns_empty" time="0.002" /><testcase classname="tests.utils.test_xml.TestXmlPathToJson" name="test_gzip_compressed_xml" time="0.002" /><testcase classname="tests.utils.test_xml.TestXmlPathToJson" name="test_zstd_compressed_xml" time="0.002" /><testcase classname="tests.utils.test_xml.TestXmlPathToJson" name="test_malformed_xml_falls_back_to_beautifulsoup" time="0.003" /><testcase classname="tests.utils.test_xml.TestJsonToXmlWrite" name="test_write_and_read_roundtrip" time="0.002" /><testcase classname="tests.utils.test_xml.TestJsonToXmlWrite" name="test_write_raises_on_error_when_requested" time="0.002" /><testcase classname="tests.utils.test_xml.TestJsonToXmlWrite" name="test_write_swallows_error_by_default" time="0.002" /><testcase classname="tests.utils.test_xml.TestCompressionDetection" name="test_using_gzip_true" time="0.002" /><testcase classname="tests.utils.test_xml.TestCompressionDetection" name="test_using_gzip_false" time="0.002" /><testcase classname="tests.utils.test_xml.TestCompressionDetection" name="test_using_zstd_true" time="0.002" /><testcase classname="tests.utils.test_xml.TestCompressionDetection" name="test_using_zstd_false" time="0.002" /><testcase classname="tests.utils.test_xml.TestCompressionDetection" name="test_using_gzip_nonexistent" time="0.002" /><testcase classname="tests.utils.test_xml.TestCompressionDetection" name="test_using_zstd_nonexistent" time="0.002" /><testcase classname="tests.utils.test_xml.TestExtractXmlPackageIds" name="test_extracts_package_ids" time="0.002" /><testcase classname="tests.utils.test_xml.TestExtractXmlPackageIds" name="test_nonexistent_file_returns_empty" time="0.002" /><testcase classname="tests.utils.test_xml.TestExtractXmlPackageIds" name="test_no_modIds_returns_empty" time="0.002" /><testcase classname="tests.utils.test_xml.TestExtractXmlPackageIds" name="test_gzip_savefile" time="0.002" /><testcase classname="tests.utils.test_xml.TestFastRimworldXmlSaveValidation" name="test_valid_save" time="0.002" /><testcase classname="tests.utils.test_xml.TestFastRimworldXmlSaveValidation" name="test_invalid_structure" time="0.002" /><testcase classname="tests.utils.test_xml.TestFastRimworldXmlSaveValidation" name="test_nonexistent_file" time="0.002" /><testcase classname="tests.utils.test_xml.TestFastRimworldXmlSaveValidation" name="test_empty_modids" time="0.002" /><testcase classname="tests.utils.test_zip_extractor.TestZipSlipProtection" name="test_legitimate_entries_extracted" time="0.003" /><testcase classname="tests.utils.test_zip_extractor.TestZipSlipProtection" name="test_traversal_entries_skipped" time="0.003" /><testcase classname="tests.utils.test_zip_extractor.TestZipSlipProtection" name="test_absolute_path_entries_skipped" time="0.003" /><testcase classname="tests.views.test_deletion_menu.TestDeletionResult" name="test_initialization" time="0.002" /><testcase classname="tests.views.test_deletion_menu.TestModDeletionMenu" name="test_initialization" time="0.004" /><testcase classname="tests.views.test_deletion_menu.TestModDeletionMenu" name="test_confirm_deletion_accept" time="0.004" /><testcase classname="tests.views.test_deletion_menu.TestModDeletionMenu" name="test_confirm_deletion_reject" time="0.003" /><testcase classname="tests.views.test_deletion_menu.TestModDeletionMenu" name="test_perform_deletion_operation_no_mods" time="0.003" /><testcase classname="tests.views.test_deletion_menu.TestModDeletionMenu" name="test_perform_deletion_operation_with_mods" time="0.004" /><testcase classname="tests.views.test_deletion_menu.TestModDeletionMenu" name="test_delete_mod_directory_success" time="0.004" /><testcase classname="tests.views.test_deletion_menu.TestModDeletionMenu" name="test_delete_mod_directory_not_found" time="0.003" /><testcase classname="tests.views.test_deletion_menu.TestModDeletionMenu" name="test_delete_mod_directory_permission_error" time="0.005" /><testcase classname="tests.views.test_deletion_menu.TestModDeletionMenu" name="test_is_official_expansion_true" time="0.003" /><testcase classname="tests.views.test_deletion_menu.TestModDeletionMenu" name="test_is_official_expansion_false" time="0.004" /><testcase classname="tests.views.test_deletion_menu.TestModDeletionMenu" name="test_process_deletion_result_success" time="0.004" /><testcase classname="tests.views.test_deletion_menu.TestModDeletionMenu" name="test_process_deletion_result_with_failures" time="0.004" /><testcase classname="tests.views.test_deletion_menu.TestModDeletionMenu" name="test_handle_steam_action_valid_ids" time="0.004" /><testcase classname="tests.views.test_deletion_menu.TestModDeletionMenu" name="test_handle_steam_action_invalid_id" time="0.004" /><testcase classname="tests.views.test_deletion_menu.TestModDeletionMenu" name="test_delete_mod_from_aux_db_time_limit_negative" time="0.003" /><testcase classname="tests.views.test_deletion_menu.TestModDeletionMenu" name="test_delete_mod_from_aux_db_time_limit_positive" time="0.004" /><testcase classname="tests.views.test_deletion_menu.TestModDeletionMenu" name="test_dummy_translations" time="0.003" /><testcase classname="tests.views.test_deletion_menu.TestModDeletionMenu" name="test_handle_uuid_removal_with_missing_uuid" time="0.004" /><testcase classname="tests.views.test_dialogue.TestBinaryChoiceDialog" name="test_initialization" time="0.004" /><testcase classname="tests.views.test_dialogue.TestBinaryChoiceDialog" name="test_click" time="0.002" /><testcase classname="tests.views.test_dialogue.TestBinaryChoiceDialog" name="test_exec_is_positive" time="0.002" /><testcase classname="tests.views.test_main_content_run" name="test_run_game_with_unsaved_changes[4194304-expected_save_calls0-expected_launch0]" time="0.038" /><testcase classname="tests.views.test_main_content_run" name="test_run_game_with_unsaved_changes[Run Anyway-expected_save_calls1-expected_launch1]" time="0.040" /><testcase classname="tests.views.test_main_content_run" name="test_run_game_with_unsaved_changes[Save and Run-expected_save_calls2-expected_launch2]" time="0.013" /><testcase classname="tests.views.test_main_content_run" name="test_run_without_unsaved" time="0.012" /><testcase classname="tests.views.test_main_window_close.TestMainWindowCloseEvent" name="test_close_event_calls_close_child_windows" time="0.097" /><testcase classname="tests.views.test_main_window_close.TestMainWindowCloseEvent" name="test_close_event_stops_watchdog" time="0.002" /><testcase classname="tests.views.test_main_window_close.TestMainWindowCloseEvent" name="test_close_event_accepts" time="0.002" /><testcase classname="tests.views.test_main_window_watchdog.TestShutdownWatchdog" name="test_delegates_to_handler_stop" time="0.002" /><testcase classname="tests.views.test_main_window_watchdog.TestShutdownWatchdog" name="test_no_handler_is_noop" time="0.002" /><testcase classname="tests.views.test_menu_bar.TestMenuBarUpdateMenuCreation" name="test_update_menu_shown_when_env_var_not_set" time="0.013" /><testcase classname="tests.views.test_menu_bar.TestMenuBarUpdateMenuCreation" name="test_update_menu_hidden_when_env_var_set" time="0.012" /><testcase classname="tests.views.test_menu_bar.TestMenuBarControllerWithDisabledUpdater" name="test_controller_initialization_with_env_var_set" time="0.012" /><testcase classname="tests.views.test_menu_bar.TestMenuBarControllerWithDisabledUpdater" name="test_controller_initialization_without_env_var" time="0.015" /><testcase classname="tests.views.test_menu_bar.TestDisableUpdaterFlag" name="test_disable_updater_flag_sets_env_var" time="0.002" /><testcase classname="tests.views.test_menu_bar.TestDisableUpdaterFlag" name="test_multiple_disable_updater_flags" time="0.002" /><testcase classname="tests.views.test_mod_info_panel" name="test_initialization" time="0.002" /><testcase classname="tests.views.test_mod_info_panel" name="test_set_path" time="0.002" /><testcase classname="tests.views.test_mod_info_panel" name="test_set_clickable" time="0.002" /><testcase classname="tests.views.test_mod_info_panel" name="test_mouse_press_path_scenarios[True-True-None-/test/path-info-Opening mod folder: /test/path]" time="0.003" /><testcase classname="tests.views.test_mod_info_panel" name="test_mouse_press_path_scenarios[False-None-None-None-warning-Mod folder does not exist: /test/path]" time="0.002" /><testcase classname="tests.views.test_mod_info_panel" name="test_mouse_press_path_scenarios[True-False-None-None-warning-Path is not a directory: /test/path]" time="0.002" /><testcase classname="tests.views.test_mod_info_panel" name="test_mouse_press_path_scenarios[None-None-exists_side_effect3-None-error-Failed to open mod folder /test/path: Test exception]" time="0.002" /><testcase classname="tests.views.test_mod_info_panel" name="test_mouse_press_event_not_left_button" time="0.002" /><testcase classname="tests.views.test_mod_info_panel" name="test_mouse_press_event_not_clickable" time="0.002" /><testcase classname="tests.views.test_mod_info_panel" name="test_mouse_press_event_no_path" time="0.002" /><testcase classname="tests.windows.test_runner_panel_regex" name="test_dbbuilder_progress_regex" time="0.009" /></testsuite></testsuites>